2026-04-21 12:36:20 | INFO     | pipeline | Logging initialised — level=INFO  file=logs\airguard.log
2026-04-21 12:36:20 | INFO     | __main__ | === AirGuard Pipeline Starting ===
2026-04-21 12:36:20 | INFO     | src.storage.influx_writer | InfluxDB connected at http://localhost:8086
2026-04-21 12:36:20 | INFO     | src.communication.mqtt_subscriber | Subscriber connected and subscribed to: airguard/sensors/raw
2026-04-21 12:36:22 | INFO     | src.communication.mqtt_subscriber | MQTT Subscriber running — waiting for messages...
2026-04-21 12:37:17 | INFO     | simulator | Logging initialised — level=INFO  file=logs\airguard.log
2026-04-21 12:37:17 | INFO     | __main__ | === AirGuard Simulator Starting ===
2026-04-21 12:37:17 | INFO     | src.device.simulator | Connecting to MQTT broker localhost:1883
2026-04-21 12:37:17 | INFO     | src.device.simulator | Simulator connected to MQTT broker
2026-04-21 12:37:19 | INFO     | src.device.simulator | Simulator starting — target records: 10500
2026-04-21 12:37:19 | ERROR    | src.storage.influx_writer | InfluxDB write failed: type object 'WritePrecision' has no attribute 'SECONDS'
2026-04-21 12:37:21 | ERROR    | src.storage.influx_writer | InfluxDB write failed: type object 'WritePrecision' has no attribute 'SECONDS'
2026-04-21 12:37:23 | ERROR    | src.storage.influx_writer | InfluxDB write failed: type object 'WritePrecision' has no attribute 'SECONDS'
2026-04-21 12:37:25 | ERROR    | src.storage.influx_writer | InfluxDB write failed: type object 'WritePrecision' has no attribute 'SECONDS'
2026-04-21 12:37:27 | ERROR    | src.storage.influx_writer | InfluxDB write failed: type object 'WritePrecision' has no attribute 'SECONDS'
2026-04-21 12:37:29 | ERROR    | src.storage.influx_writer | InfluxDB write failed: type object 'WritePrecision' has no attribute 'SECONDS'
2026-04-21 12:37:31 | ERROR    | src.storage.influx_writer | InfluxDB write failed: type object 'WritePrecision' has no attribute 'SECONDS'
2026-04-21 12:37:33 | ERROR    | src.storage.influx_writer | InfluxDB write failed: type object 'WritePrecision' has no attribute 'SECONDS'
2026-04-21 12:37:35 | ERROR    | src.storage.influx_writer | InfluxDB write failed: type object 'WritePrecision' has no attribute 'SECONDS'
2026-04-21 12:37:37 | ERROR    | src.storage.influx_writer | InfluxDB write failed: type object 'WritePrecision' has no attribute 'SECONDS'
2026-04-21 12:37:39 | ERROR    | src.storage.influx_writer | InfluxDB write failed: type object 'WritePrecision' has no attribute 'SECONDS'
2026-04-21 12:37:41 | ERROR    | src.storage.influx_writer | InfluxDB write failed: type object 'WritePrecision' has no attribute 'SECONDS'
2026-04-21 12:37:43 | ERROR    | src.storage.influx_writer | InfluxDB write failed: type object 'WritePrecision' has no attribute 'SECONDS'
2026-04-21 12:37:45 | ERROR    | src.storage.influx_writer | InfluxDB write failed: type object 'WritePrecision' has no attribute 'SECONDS'
2026-04-21 12:37:47 | ERROR    | src.storage.influx_writer | InfluxDB write failed: type object 'WritePrecision' has no attribute 'SECONDS'
2026-04-21 12:37:49 | ERROR    | src.storage.influx_writer | InfluxDB write failed: type object 'WritePrecision' has no attribute 'SECONDS'
2026-04-21 12:37:51 | ERROR    | src.storage.influx_writer | InfluxDB write failed: type object 'WritePrecision' has no attribute 'SECONDS'
2026-04-21 12:37:53 | ERROR    | src.storage.influx_writer | InfluxDB write failed: type object 'WritePrecision' has no attribute 'SECONDS'
2026-04-21 12:37:55 | ERROR    | src.storage.influx_writer | InfluxDB write failed: type object 'WritePrecision' has no attribute 'SECONDS'
2026-04-21 12:37:57 | ERROR    | src.storage.influx_writer | InfluxDB write failed: type object 'WritePrecision' has no attribute 'SECONDS'
2026-04-21 12:37:59 | ERROR    | src.storage.influx_writer | InfluxDB write failed: type object 'WritePrecision' has no attribute 'SECONDS'
2026-04-21 12:38:01 | ERROR    | src.storage.influx_writer | InfluxDB write failed: type object 'WritePrecision' has no attribute 'SECONDS'
2026-04-21 12:38:03 | ERROR    | src.storage.influx_writer | InfluxDB write failed: type object 'WritePrecision' has no attribute 'SECONDS'
2026-04-21 12:38:05 | ERROR    | src.storage.influx_writer | InfluxDB write failed: type object 'WritePrecision' has no attribute 'SECONDS'
2026-04-21 12:38:07 | ERROR    | src.storage.influx_writer | InfluxDB write failed: type object 'WritePrecision' has no attribute 'SECONDS'
2026-04-21 12:38:09 | ERROR    | src.storage.influx_writer | InfluxDB write failed: type object 'WritePrecision' has no attribute 'SECONDS'
2026-04-21 12:38:11 | ERROR    | src.storage.influx_writer | InfluxDB write failed: type object 'WritePrecision' has no attribute 'SECONDS'
2026-04-21 12:38:13 | ERROR    | src.storage.influx_writer | InfluxDB write failed: type object 'WritePrecision' has no attribute 'SECONDS'
2026-04-21 12:38:15 | ERROR    | src.storage.influx_writer | InfluxDB write failed: type object 'WritePrecision' has no attribute 'SECONDS'
2026-04-21 12:38:17 | ERROR    | src.storage.influx_writer | InfluxDB write failed: type object 'WritePrecision' has no attribute 'SECONDS'
2026-04-21 12:38:19 | ERROR    | src.storage.influx_writer | InfluxDB write failed: type object 'WritePrecision' has no attribute 'SECONDS'
2026-04-21 12:38:21 | WARNING  | src.processing.data_processor | Out of range value for mq7: -0.74
2026-04-21 12:38:21 | ERROR    | src.storage.influx_writer | InfluxDB write failed: type object 'WritePrecision' has no attribute 'SECONDS'
2026-04-21 12:38:23 | ERROR    | src.storage.influx_writer | InfluxDB write failed: type object 'WritePrecision' has no attribute 'SECONDS'
2026-04-21 12:38:25 | ERROR    | src.storage.influx_writer | InfluxDB write failed: type object 'WritePrecision' has no attribute 'SECONDS'
2026-04-21 12:38:27 | ERROR    | src.storage.influx_writer | InfluxDB write failed: type object 'WritePrecision' has no attribute 'SECONDS'
2026-04-21 12:38:29 | ERROR    | src.storage.influx_writer | InfluxDB write failed: type object 'WritePrecision' has no attribute 'SECONDS'
2026-04-21 12:38:31 | ERROR    | src.storage.influx_writer | InfluxDB write failed: type object 'WritePrecision' has no attribute 'SECONDS'
2026-04-21 12:38:33 | ERROR    | src.storage.influx_writer | InfluxDB write failed: type object 'WritePrecision' has no attribute 'SECONDS'
2026-04-21 12:38:35 | ERROR    | src.storage.influx_writer | InfluxDB write failed: type object 'WritePrecision' has no attribute 'SECONDS'
2026-04-21 12:38:37 | ERROR    | src.storage.influx_writer | InfluxDB write failed: type object 'WritePrecision' has no attribute 'SECONDS'
2026-04-21 12:38:39 | ERROR    | src.storage.influx_writer | InfluxDB write failed: type object 'WritePrecision' has no attribute 'SECONDS'
2026-04-21 12:38:41 | ERROR    | src.storage.influx_writer | InfluxDB write failed: type object 'WritePrecision' has no attribute 'SECONDS'
2026-04-21 12:38:43 | ERROR    | src.storage.influx_writer | InfluxDB write failed: type object 'WritePrecision' has no attribute 'SECONDS'
2026-04-21 12:38:45 | ERROR    | src.storage.influx_writer | InfluxDB write failed: type object 'WritePrecision' has no attribute 'SECONDS'
2026-04-21 12:38:47 | ERROR    | src.storage.influx_writer | InfluxDB write failed: type object 'WritePrecision' has no attribute 'SECONDS'
2026-04-21 12:38:49 | WARNING  | src.processing.data_processor | Out of range value for mq7: -0.03
2026-04-21 12:38:49 | ERROR    | src.storage.influx_writer | InfluxDB write failed: type object 'WritePrecision' has no attribute 'SECONDS'
2026-04-21 12:38:51 | ERROR    | src.storage.influx_writer | InfluxDB write failed: type object 'WritePrecision' has no attribute 'SECONDS'
2026-04-21 12:38:53 | ERROR    | src.storage.influx_writer | InfluxDB write failed: type object 'WritePrecision' has no attribute 'SECONDS'
2026-04-21 12:38:55 | ERROR    | src.storage.influx_writer | InfluxDB write failed: type object 'WritePrecision' has no attribute 'SECONDS'
2026-04-21 12:38:57 | ERROR    | src.storage.influx_writer | InfluxDB write failed: type object 'WritePrecision' has no attribute 'SECONDS'
2026-04-21 12:38:59 | ERROR    | src.storage.influx_writer | InfluxDB write failed: type object 'WritePrecision' has no attribute 'SECONDS'
2026-04-21 12:39:01 | ERROR    | src.storage.influx_writer | InfluxDB write failed: type object 'WritePrecision' has no attribute 'SECONDS'
2026-04-21 12:39:03 | ERROR    | src.storage.influx_writer | InfluxDB write failed: type object 'WritePrecision' has no attribute 'SECONDS'
2026-04-21 12:39:05 | ERROR    | src.storage.influx_writer | InfluxDB write failed: type object 'WritePrecision' has no attribute 'SECONDS'
2026-04-21 12:39:07 | ERROR    | src.storage.influx_writer | InfluxDB write failed: type object 'WritePrecision' has no attribute 'SECONDS'
2026-04-21 12:39:09 | ERROR    | src.storage.influx_writer | InfluxDB write failed: type object 'WritePrecision' has no attribute 'SECONDS'
2026-04-21 12:39:11 | ERROR    | src.storage.influx_writer | InfluxDB write failed: type object 'WritePrecision' has no attribute 'SECONDS'
2026-04-21 12:39:13 | ERROR    | src.storage.influx_writer | InfluxDB write failed: type object 'WritePrecision' has no attribute 'SECONDS'
2026-04-21 12:39:15 | ERROR    | src.storage.influx_writer | InfluxDB write failed: type object 'WritePrecision' has no attribute 'SECONDS'
2026-04-21 12:39:17 | ERROR    | src.storage.influx_writer | InfluxDB write failed: type object 'WritePrecision' has no attribute 'SECONDS'
2026-04-21 12:39:19 | ERROR    | src.storage.influx_writer | InfluxDB write failed: type object 'WritePrecision' has no attribute 'SECONDS'
2026-04-21 12:39:21 | ERROR    | src.storage.influx_writer | InfluxDB write failed: type object 'WritePrecision' has no attribute 'SECONDS'
2026-04-21 12:39:23 | ERROR    | src.storage.influx_writer | InfluxDB write failed: type object 'WritePrecision' has no attribute 'SECONDS'
2026-04-21 12:39:25 | ERROR    | src.storage.influx_writer | InfluxDB write failed: type object 'WritePrecision' has no attribute 'SECONDS'
2026-04-21 12:39:27 | ERROR    | src.storage.influx_writer | InfluxDB write failed: type object 'WritePrecision' has no attribute 'SECONDS'
2026-04-21 12:39:29 | ERROR    | src.storage.influx_writer | InfluxDB write failed: type object 'WritePrecision' has no attribute 'SECONDS'
2026-04-21 12:39:31 | ERROR    | src.storage.influx_writer | InfluxDB write failed: type object 'WritePrecision' has no attribute 'SECONDS'
2026-04-21 12:39:33 | ERROR    | src.storage.influx_writer | InfluxDB write failed: type object 'WritePrecision' has no attribute 'SECONDS'
2026-04-21 12:39:35 | ERROR    | src.storage.influx_writer | InfluxDB write failed: type object 'WritePrecision' has no attribute 'SECONDS'
2026-04-21 12:39:37 | ERROR    | src.storage.influx_writer | InfluxDB write failed: type object 'WritePrecision' has no attribute 'SECONDS'
2026-04-21 12:39:39 | ERROR    | src.storage.influx_writer | InfluxDB write failed: type object 'WritePrecision' has no attribute 'SECONDS'
2026-04-21 12:39:41 | ERROR    | src.storage.influx_writer | InfluxDB write failed: type object 'WritePrecision' has no attribute 'SECONDS'
2026-04-21 12:39:43 | ERROR    | src.storage.influx_writer | InfluxDB write failed: type object 'WritePrecision' has no attribute 'SECONDS'
2026-04-21 12:39:45 | ERROR    | src.storage.influx_writer | InfluxDB write failed: type object 'WritePrecision' has no attribute 'SECONDS'
2026-04-21 12:39:47 | ERROR    | src.storage.influx_writer | InfluxDB write failed: type object 'WritePrecision' has no attribute 'SECONDS'
2026-04-21 12:39:49 | ERROR    | src.storage.influx_writer | InfluxDB write failed: type object 'WritePrecision' has no attribute 'SECONDS'
2026-04-21 12:39:51 | ERROR    | src.storage.influx_writer | InfluxDB write failed: type object 'WritePrecision' has no attribute 'SECONDS'
2026-04-21 12:39:53 | ERROR    | src.storage.influx_writer | InfluxDB write failed: type object 'WritePrecision' has no attribute 'SECONDS'
2026-04-21 12:39:55 | ERROR    | src.storage.influx_writer | InfluxDB write failed: type object 'WritePrecision' has no attribute 'SECONDS'
2026-04-21 12:39:57 | ERROR    | src.storage.influx_writer | InfluxDB write failed: type object 'WritePrecision' has no attribute 'SECONDS'
2026-04-21 12:39:59 | ERROR    | src.storage.influx_writer | InfluxDB write failed: type object 'WritePrecision' has no attribute 'SECONDS'
2026-04-21 12:40:01 | ERROR    | src.storage.influx_writer | InfluxDB write failed: type object 'WritePrecision' has no attribute 'SECONDS'
2026-04-21 12:40:03 | ERROR    | src.storage.influx_writer | InfluxDB write failed: type object 'WritePrecision' has no attribute 'SECONDS'
2026-04-21 12:40:05 | ERROR    | src.storage.influx_writer | InfluxDB write failed: type object 'WritePrecision' has no attribute 'SECONDS'
2026-04-21 12:40:07 | ERROR    | src.storage.influx_writer | InfluxDB write failed: type object 'WritePrecision' has no attribute 'SECONDS'
2026-04-21 12:40:09 | ERROR    | src.storage.influx_writer | InfluxDB write failed: type object 'WritePrecision' has no attribute 'SECONDS'
2026-04-21 12:40:11 | ERROR    | src.storage.influx_writer | InfluxDB write failed: type object 'WritePrecision' has no attribute 'SECONDS'
2026-04-21 12:40:13 | ERROR    | src.storage.influx_writer | InfluxDB write failed: type object 'WritePrecision' has no attribute 'SECONDS'
2026-04-21 12:40:15 | ERROR    | src.storage.influx_writer | InfluxDB write failed: type object 'WritePrecision' has no attribute 'SECONDS'
2026-04-21 12:40:17 | ERROR    | src.storage.influx_writer | InfluxDB write failed: type object 'WritePrecision' has no attribute 'SECONDS'
2026-04-21 12:40:19 | ERROR    | src.storage.influx_writer | InfluxDB write failed: type object 'WritePrecision' has no attribute 'SECONDS'
2026-04-21 12:40:21 | ERROR    | src.storage.influx_writer | InfluxDB write failed: type object 'WritePrecision' has no attribute 'SECONDS'
2026-04-21 12:40:23 | ERROR    | src.storage.influx_writer | InfluxDB write failed: type object 'WritePrecision' has no attribute 'SECONDS'
2026-04-21 12:40:25 | ERROR    | src.storage.influx_writer | InfluxDB write failed: type object 'WritePrecision' has no attribute 'SECONDS'
2026-04-21 12:40:27 | ERROR    | src.storage.influx_writer | InfluxDB write failed: type object 'WritePrecision' has no attribute 'SECONDS'
2026-04-21 12:40:29 | ERROR    | src.storage.influx_writer | InfluxDB write failed: type object 'WritePrecision' has no attribute 'SECONDS'
2026-04-21 12:40:31 | ERROR    | src.storage.influx_writer | InfluxDB write failed: type object 'WritePrecision' has no attribute 'SECONDS'
2026-04-21 12:40:33 | ERROR    | src.storage.influx_writer | InfluxDB write failed: type object 'WritePrecision' has no attribute 'SECONDS'
2026-04-21 12:40:35 | WARNING  | src.utils.aqi_calculator | Concentration 8933.08 exceeds breakpoint table max
2026-04-21 12:40:35 | ERROR    | src.storage.influx_writer | InfluxDB write failed: type object 'WritePrecision' has no attribute 'SECONDS'
2026-04-21 12:40:37 | INFO     | src.processing.data_processor | Processed: 100 | Rejected: 0 | AQI: 61.0 (Moderate)
2026-04-21 12:40:37 | ERROR    | src.storage.influx_writer | InfluxDB write failed: type object 'WritePrecision' has no attribute 'SECONDS'
2026-04-21 12:40:39 | ERROR    | src.storage.influx_writer | InfluxDB write failed: type object 'WritePrecision' has no attribute 'SECONDS'
2026-04-21 12:40:41 | ERROR    | src.storage.influx_writer | InfluxDB write failed: type object 'WritePrecision' has no attribute 'SECONDS'
2026-04-21 12:40:43 | ERROR    | src.storage.influx_writer | InfluxDB write failed: type object 'WritePrecision' has no attribute 'SECONDS'
2026-04-21 12:40:45 | ERROR    | src.storage.influx_writer | InfluxDB write failed: type object 'WritePrecision' has no attribute 'SECONDS'
2026-04-21 12:40:47 | ERROR    | src.storage.influx_writer | InfluxDB write failed: type object 'WritePrecision' has no attribute 'SECONDS'
2026-04-21 12:40:49 | ERROR    | src.storage.influx_writer | InfluxDB write failed: type object 'WritePrecision' has no attribute 'SECONDS'
2026-04-21 12:40:51 | ERROR    | src.storage.influx_writer | InfluxDB write failed: type object 'WritePrecision' has no attribute 'SECONDS'
2026-04-21 12:40:53 | ERROR    | src.storage.influx_writer | InfluxDB write failed: type object 'WritePrecision' has no attribute 'SECONDS'
2026-04-21 12:40:55 | ERROR    | src.storage.influx_writer | InfluxDB write failed: type object 'WritePrecision' has no attribute 'SECONDS'
2026-04-21 12:40:57 | ERROR    | src.storage.influx_writer | InfluxDB write failed: type object 'WritePrecision' has no attribute 'SECONDS'
2026-04-21 12:40:59 | ERROR    | src.storage.influx_writer | InfluxDB write failed: type object 'WritePrecision' has no attribute 'SECONDS'
2026-04-21 12:41:01 | ERROR    | src.storage.influx_writer | InfluxDB write failed: type object 'WritePrecision' has no attribute 'SECONDS'
2026-04-21 12:41:03 | ERROR    | src.storage.influx_writer | InfluxDB write failed: type object 'WritePrecision' has no attribute 'SECONDS'
2026-04-21 12:41:05 | ERROR    | src.storage.influx_writer | InfluxDB write failed: type object 'WritePrecision' has no attribute 'SECONDS'
2026-04-21 12:41:07 | ERROR    | src.storage.influx_writer | InfluxDB write failed: type object 'WritePrecision' has no attribute 'SECONDS'
2026-04-21 12:41:09 | ERROR    | src.storage.influx_writer | InfluxDB write failed: type object 'WritePrecision' has no attribute 'SECONDS'
2026-04-21 12:41:11 | ERROR    | src.storage.influx_writer | InfluxDB write failed: type object 'WritePrecision' has no attribute 'SECONDS'
2026-04-21 12:41:13 | ERROR    | src.storage.influx_writer | InfluxDB write failed: type object 'WritePrecision' has no attribute 'SECONDS'
2026-04-21 12:41:15 | ERROR    | src.storage.influx_writer | InfluxDB write failed: type object 'WritePrecision' has no attribute 'SECONDS'
2026-04-21 12:41:17 | ERROR    | src.storage.influx_writer | InfluxDB write failed: type object 'WritePrecision' has no attribute 'SECONDS'
2026-04-21 12:41:19 | ERROR    | src.storage.influx_writer | InfluxDB write failed: type object 'WritePrecision' has no attribute 'SECONDS'
2026-04-21 12:41:21 | ERROR    | src.storage.influx_writer | InfluxDB write failed: type object 'WritePrecision' has no attribute 'SECONDS'
2026-04-21 12:41:23 | ERROR    | src.storage.influx_writer | InfluxDB write failed: type object 'WritePrecision' has no attribute 'SECONDS'
2026-04-21 12:41:25 | ERROR    | src.storage.influx_writer | InfluxDB write failed: type object 'WritePrecision' has no attribute 'SECONDS'
2026-04-21 12:41:27 | ERROR    | src.storage.influx_writer | InfluxDB write failed: type object 'WritePrecision' has no attribute 'SECONDS'
2026-04-21 12:41:29 | ERROR    | src.storage.influx_writer | InfluxDB write failed: type object 'WritePrecision' has no attribute 'SECONDS'
2026-04-21 12:41:31 | ERROR    | src.storage.influx_writer | InfluxDB write failed: type object 'WritePrecision' has no attribute 'SECONDS'
2026-04-21 12:41:33 | ERROR    | src.storage.influx_writer | InfluxDB write failed: type object 'WritePrecision' has no attribute 'SECONDS'
2026-04-21 12:41:35 | ERROR    | src.storage.influx_writer | InfluxDB write failed: type object 'WritePrecision' has no attribute 'SECONDS'
2026-04-21 12:41:37 | ERROR    | src.storage.influx_writer | InfluxDB write failed: type object 'WritePrecision' has no attribute 'SECONDS'
2026-04-21 12:41:39 | ERROR    | src.storage.influx_writer | InfluxDB write failed: type object 'WritePrecision' has no attribute 'SECONDS'
2026-04-21 12:41:41 | ERROR    | src.storage.influx_writer | InfluxDB write failed: type object 'WritePrecision' has no attribute 'SECONDS'
2026-04-21 12:41:43 | ERROR    | src.storage.influx_writer | InfluxDB write failed: type object 'WritePrecision' has no attribute 'SECONDS'
2026-04-21 12:41:45 | ERROR    | src.storage.influx_writer | InfluxDB write failed: type object 'WritePrecision' has no attribute 'SECONDS'
2026-04-21 12:41:47 | ERROR    | src.storage.influx_writer | InfluxDB write failed: type object 'WritePrecision' has no attribute 'SECONDS'
2026-04-21 12:41:49 | ERROR    | src.storage.influx_writer | InfluxDB write failed: type object 'WritePrecision' has no attribute 'SECONDS'
2026-04-21 12:41:51 | ERROR    | src.storage.influx_writer | InfluxDB write failed: type object 'WritePrecision' has no attribute 'SECONDS'
2026-04-21 12:41:53 | ERROR    | src.storage.influx_writer | InfluxDB write failed: type object 'WritePrecision' has no attribute 'SECONDS'
2026-04-21 12:41:55 | ERROR    | src.storage.influx_writer | InfluxDB write failed: type object 'WritePrecision' has no attribute 'SECONDS'
2026-04-21 12:41:57 | ERROR    | src.storage.influx_writer | InfluxDB write failed: type object 'WritePrecision' has no attribute 'SECONDS'
2026-04-21 12:41:59 | ERROR    | src.storage.influx_writer | InfluxDB write failed: type object 'WritePrecision' has no attribute 'SECONDS'
2026-04-21 12:42:01 | ERROR    | src.storage.influx_writer | InfluxDB write failed: type object 'WritePrecision' has no attribute 'SECONDS'
2026-04-21 12:42:03 | ERROR    | src.storage.influx_writer | InfluxDB write failed: type object 'WritePrecision' has no attribute 'SECONDS'
2026-04-21 12:42:05 | ERROR    | src.storage.influx_writer | InfluxDB write failed: type object 'WritePrecision' has no attribute 'SECONDS'
2026-04-21 12:42:07 | ERROR    | src.storage.influx_writer | InfluxDB write failed: type object 'WritePrecision' has no attribute 'SECONDS'
2026-04-21 12:42:09 | ERROR    | src.storage.influx_writer | InfluxDB write failed: type object 'WritePrecision' has no attribute 'SECONDS'
2026-04-21 12:42:11 | ERROR    | src.storage.influx_writer | InfluxDB write failed: type object 'WritePrecision' has no attribute 'SECONDS'
2026-04-21 12:42:13 | ERROR    | src.storage.influx_writer | InfluxDB write failed: type object 'WritePrecision' has no attribute 'SECONDS'
2026-04-21 12:42:15 | ERROR    | src.storage.influx_writer | InfluxDB write failed: type object 'WritePrecision' has no attribute 'SECONDS'
2026-04-21 12:42:17 | ERROR    | src.storage.influx_writer | InfluxDB write failed: type object 'WritePrecision' has no attribute 'SECONDS'
2026-04-21 12:42:19 | ERROR    | src.storage.influx_writer | InfluxDB write failed: type object 'WritePrecision' has no attribute 'SECONDS'
2026-04-21 12:42:21 | ERROR    | src.storage.influx_writer | InfluxDB write failed: type object 'WritePrecision' has no attribute 'SECONDS'
2026-04-21 12:42:23 | ERROR    | src.storage.influx_writer | InfluxDB write failed: type object 'WritePrecision' has no attribute 'SECONDS'
2026-04-21 12:42:25 | ERROR    | src.storage.influx_writer | InfluxDB write failed: type object 'WritePrecision' has no attribute 'SECONDS'
2026-04-21 12:42:27 | ERROR    | src.storage.influx_writer | InfluxDB write failed: type object 'WritePrecision' has no attribute 'SECONDS'
2026-04-21 12:42:29 | ERROR    | src.storage.influx_writer | InfluxDB write failed: type object 'WritePrecision' has no attribute 'SECONDS'
2026-04-21 12:42:31 | ERROR    | src.storage.influx_writer | InfluxDB write failed: type object 'WritePrecision' has no attribute 'SECONDS'
2026-04-21 12:42:33 | ERROR    | src.storage.influx_writer | InfluxDB write failed: type object 'WritePrecision' has no attribute 'SECONDS'
2026-04-21 12:42:35 | ERROR    | src.storage.influx_writer | InfluxDB write failed: type object 'WritePrecision' has no attribute 'SECONDS'
2026-04-21 12:42:37 | ERROR    | src.storage.influx_writer | InfluxDB write failed: type object 'WritePrecision' has no attribute 'SECONDS'
2026-04-21 12:42:39 | ERROR    | src.storage.influx_writer | InfluxDB write failed: type object 'WritePrecision' has no attribute 'SECONDS'
2026-04-21 12:42:41 | ERROR    | src.storage.influx_writer | InfluxDB write failed: type object 'WritePrecision' has no attribute 'SECONDS'
2026-04-21 12:42:43 | ERROR    | src.storage.influx_writer | InfluxDB write failed: type object 'WritePrecision' has no attribute 'SECONDS'
2026-04-21 12:42:45 | ERROR    | src.storage.influx_writer | InfluxDB write failed: type object 'WritePrecision' has no attribute 'SECONDS'
2026-04-21 12:42:47 | ERROR    | src.storage.influx_writer | InfluxDB write failed: type object 'WritePrecision' has no attribute 'SECONDS'
2026-04-21 12:42:49 | ERROR    | src.storage.influx_writer | InfluxDB write failed: type object 'WritePrecision' has no attribute 'SECONDS'
2026-04-21 12:42:51 | ERROR    | src.storage.influx_writer | InfluxDB write failed: type object 'WritePrecision' has no attribute 'SECONDS'
2026-04-21 12:42:53 | ERROR    | src.storage.influx_writer | InfluxDB write failed: type object 'WritePrecision' has no attribute 'SECONDS'
2026-04-21 12:42:55 | ERROR    | src.storage.influx_writer | InfluxDB write failed: type object 'WritePrecision' has no attribute 'SECONDS'
2026-04-21 12:42:57 | ERROR    | src.storage.influx_writer | InfluxDB write failed: type object 'WritePrecision' has no attribute 'SECONDS'
2026-04-21 12:42:59 | ERROR    | src.storage.influx_writer | InfluxDB write failed: type object 'WritePrecision' has no attribute 'SECONDS'
2026-04-21 12:43:01 | ERROR    | src.storage.influx_writer | InfluxDB write failed: type object 'WritePrecision' has no attribute 'SECONDS'
2026-04-21 12:43:03 | ERROR    | src.storage.influx_writer | InfluxDB write failed: type object 'WritePrecision' has no attribute 'SECONDS'
2026-04-21 12:43:05 | ERROR    | src.storage.influx_writer | InfluxDB write failed: type object 'WritePrecision' has no attribute 'SECONDS'
2026-04-21 12:43:07 | WARNING  | src.utils.aqi_calculator | Concentration 9237.22 exceeds breakpoint table max
2026-04-21 12:43:07 | ERROR    | src.storage.influx_writer | InfluxDB write failed: type object 'WritePrecision' has no attribute 'SECONDS'
2026-04-21 12:43:09 | ERROR    | src.storage.influx_writer | InfluxDB write failed: type object 'WritePrecision' has no attribute 'SECONDS'
2026-04-21 12:43:11 | ERROR    | src.storage.influx_writer | InfluxDB write failed: type object 'WritePrecision' has no attribute 'SECONDS'
2026-04-21 12:43:13 | ERROR    | src.storage.influx_writer | InfluxDB write failed: type object 'WritePrecision' has no attribute 'SECONDS'
2026-04-21 12:43:15 | ERROR    | src.storage.influx_writer | InfluxDB write failed: type object 'WritePrecision' has no attribute 'SECONDS'
2026-04-21 12:43:17 | ERROR    | src.storage.influx_writer | InfluxDB write failed: type object 'WritePrecision' has no attribute 'SECONDS'
2026-04-21 12:43:19 | ERROR    | src.storage.influx_writer | InfluxDB write failed: type object 'WritePrecision' has no attribute 'SECONDS'
2026-04-21 12:43:21 | ERROR    | src.storage.influx_writer | InfluxDB write failed: type object 'WritePrecision' has no attribute 'SECONDS'
2026-04-21 12:43:23 | ERROR    | src.storage.influx_writer | InfluxDB write failed: type object 'WritePrecision' has no attribute 'SECONDS'
2026-04-21 12:43:25 | ERROR    | src.storage.influx_writer | InfluxDB write failed: type object 'WritePrecision' has no attribute 'SECONDS'
2026-04-21 12:43:27 | ERROR    | src.storage.influx_writer | InfluxDB write failed: type object 'WritePrecision' has no attribute 'SECONDS'
2026-04-21 12:43:29 | ERROR    | src.storage.influx_writer | InfluxDB write failed: type object 'WritePrecision' has no attribute 'SECONDS'
2026-04-21 12:43:31 | ERROR    | src.storage.influx_writer | InfluxDB write failed: type object 'WritePrecision' has no attribute 'SECONDS'
2026-04-21 12:43:33 | ERROR    | src.storage.influx_writer | InfluxDB write failed: type object 'WritePrecision' has no attribute 'SECONDS'
2026-04-21 12:43:35 | ERROR    | src.storage.influx_writer | InfluxDB write failed: type object 'WritePrecision' has no attribute 'SECONDS'
2026-04-21 12:43:37 | ERROR    | src.storage.influx_writer | InfluxDB write failed: type object 'WritePrecision' has no attribute 'SECONDS'
2026-04-21 12:43:39 | ERROR    | src.storage.influx_writer | InfluxDB write failed: type object 'WritePrecision' has no attribute 'SECONDS'
2026-04-21 12:43:41 | ERROR    | src.storage.influx_writer | InfluxDB write failed: type object 'WritePrecision' has no attribute 'SECONDS'
2026-04-21 12:43:43 | ERROR    | src.storage.influx_writer | InfluxDB write failed: type object 'WritePrecision' has no attribute 'SECONDS'
2026-04-21 12:43:45 | ERROR    | src.storage.influx_writer | InfluxDB write failed: type object 'WritePrecision' has no attribute 'SECONDS'
2026-04-21 12:43:47 | ERROR    | src.storage.influx_writer | InfluxDB write failed: type object 'WritePrecision' has no attribute 'SECONDS'
2026-04-21 12:43:49 | ERROR    | src.storage.influx_writer | InfluxDB write failed: type object 'WritePrecision' has no attribute 'SECONDS'
2026-04-21 12:43:51 | ERROR    | src.storage.influx_writer | InfluxDB write failed: type object 'WritePrecision' has no attribute 'SECONDS'
2026-04-21 12:43:53 | ERROR    | src.storage.influx_writer | InfluxDB write failed: type object 'WritePrecision' has no attribute 'SECONDS'
2026-04-21 12:43:55 | ERROR    | src.storage.influx_writer | InfluxDB write failed: type object 'WritePrecision' has no attribute 'SECONDS'
2026-04-21 12:43:57 | INFO     | src.processing.data_processor | Processed: 200 | Rejected: 1 | AQI: 61.9 (Moderate)
2026-04-21 12:43:57 | ERROR    | src.storage.influx_writer | InfluxDB write failed: type object 'WritePrecision' has no attribute 'SECONDS'
2026-04-21 12:43:59 | ERROR    | src.storage.influx_writer | InfluxDB write failed: type object 'WritePrecision' has no attribute 'SECONDS'
2026-04-21 12:44:01 | ERROR    | src.storage.influx_writer | InfluxDB write failed: type object 'WritePrecision' has no attribute 'SECONDS'
2026-04-21 12:44:03 | ERROR    | src.storage.influx_writer | InfluxDB write failed: type object 'WritePrecision' has no attribute 'SECONDS'
2026-04-21 12:44:05 | ERROR    | src.storage.influx_writer | InfluxDB write failed: type object 'WritePrecision' has no attribute 'SECONDS'
2026-04-21 12:44:07 | ERROR    | src.storage.influx_writer | InfluxDB write failed: type object 'WritePrecision' has no attribute 'SECONDS'
2026-04-21 12:44:09 | ERROR    | src.storage.influx_writer | InfluxDB write failed: type object 'WritePrecision' has no attribute 'SECONDS'
2026-04-21 12:44:11 | ERROR    | src.storage.influx_writer | InfluxDB write failed: type object 'WritePrecision' has no attribute 'SECONDS'
2026-04-21 12:44:13 | ERROR    | src.storage.influx_writer | InfluxDB write failed: type object 'WritePrecision' has no attribute 'SECONDS'
2026-04-21 12:44:15 | ERROR    | src.storage.influx_writer | InfluxDB write failed: type object 'WritePrecision' has no attribute 'SECONDS'
2026-04-21 12:44:17 | ERROR    | src.storage.influx_writer | InfluxDB write failed: type object 'WritePrecision' has no attribute 'SECONDS'
2026-04-21 12:44:19 | ERROR    | src.storage.influx_writer | InfluxDB write failed: type object 'WritePrecision' has no attribute 'SECONDS'
2026-04-21 12:44:21 | ERROR    | src.storage.influx_writer | InfluxDB write failed: type object 'WritePrecision' has no attribute 'SECONDS'
2026-04-21 12:44:23 | ERROR    | src.storage.influx_writer | InfluxDB write failed: type object 'WritePrecision' has no attribute 'SECONDS'
2026-04-21 12:44:25 | ERROR    | src.storage.influx_writer | InfluxDB write failed: type object 'WritePrecision' has no attribute 'SECONDS'
2026-04-21 12:44:27 | ERROR    | src.storage.influx_writer | InfluxDB write failed: type object 'WritePrecision' has no attribute 'SECONDS'
2026-04-21 12:44:29 | ERROR    | src.storage.influx_writer | InfluxDB write failed: type object 'WritePrecision' has no attribute 'SECONDS'
2026-04-21 12:44:31 | ERROR    | src.storage.influx_writer | InfluxDB write failed: type object 'WritePrecision' has no attribute 'SECONDS'
2026-04-21 12:44:33 | ERROR    | src.storage.influx_writer | InfluxDB write failed: type object 'WritePrecision' has no attribute 'SECONDS'
2026-04-21 12:44:35 | ERROR    | src.storage.influx_writer | InfluxDB write failed: type object 'WritePrecision' has no attribute 'SECONDS'
2026-04-21 12:44:37 | ERROR    | src.storage.influx_writer | InfluxDB write failed: type object 'WritePrecision' has no attribute 'SECONDS'
2026-04-21 12:44:39 | ERROR    | src.storage.influx_writer | InfluxDB write failed: type object 'WritePrecision' has no attribute 'SECONDS'
2026-04-21 12:44:41 | ERROR    | src.storage.influx_writer | InfluxDB write failed: type object 'WritePrecision' has no attribute 'SECONDS'
2026-04-21 12:44:43 | ERROR    | src.storage.influx_writer | InfluxDB write failed: type object 'WritePrecision' has no attribute 'SECONDS'
2026-04-21 12:44:45 | ERROR    | src.storage.influx_writer | InfluxDB write failed: type object 'WritePrecision' has no attribute 'SECONDS'
2026-04-21 12:44:47 | ERROR    | src.storage.influx_writer | InfluxDB write failed: type object 'WritePrecision' has no attribute 'SECONDS'
2026-04-21 12:44:49 | ERROR    | src.storage.influx_writer | InfluxDB write failed: type object 'WritePrecision' has no attribute 'SECONDS'
2026-04-21 12:44:51 | ERROR    | src.storage.influx_writer | InfluxDB write failed: type object 'WritePrecision' has no attribute 'SECONDS'
2026-04-21 12:44:53 | ERROR    | src.storage.influx_writer | InfluxDB write failed: type object 'WritePrecision' has no attribute 'SECONDS'
2026-04-21 12:44:55 | ERROR    | src.storage.influx_writer | InfluxDB write failed: type object 'WritePrecision' has no attribute 'SECONDS'
2026-04-21 12:44:57 | ERROR    | src.storage.influx_writer | InfluxDB write failed: type object 'WritePrecision' has no attribute 'SECONDS'
2026-04-21 12:44:59 | ERROR    | src.storage.influx_writer | InfluxDB write failed: type object 'WritePrecision' has no attribute 'SECONDS'
2026-04-21 12:45:01 | ERROR    | src.storage.influx_writer | InfluxDB write failed: type object 'WritePrecision' has no attribute 'SECONDS'
2026-04-21 12:45:03 | ERROR    | src.storage.influx_writer | InfluxDB write failed: type object 'WritePrecision' has no attribute 'SECONDS'
2026-04-21 12:45:05 | ERROR    | src.storage.influx_writer | InfluxDB write failed: type object 'WritePrecision' has no attribute 'SECONDS'
2026-04-21 12:45:07 | ERROR    | src.storage.influx_writer | InfluxDB write failed: type object 'WritePrecision' has no attribute 'SECONDS'
2026-04-21 12:45:09 | ERROR    | src.storage.influx_writer | InfluxDB write failed: type object 'WritePrecision' has no attribute 'SECONDS'
2026-04-21 12:45:11 | ERROR    | src.storage.influx_writer | InfluxDB write failed: type object 'WritePrecision' has no attribute 'SECONDS'
2026-04-21 12:45:13 | ERROR    | src.storage.influx_writer | InfluxDB write failed: type object 'WritePrecision' has no attribute 'SECONDS'
2026-04-21 12:45:15 | ERROR    | src.storage.influx_writer | InfluxDB write failed: type object 'WritePrecision' has no attribute 'SECONDS'
2026-04-21 12:45:17 | ERROR    | src.storage.influx_writer | InfluxDB write failed: type object 'WritePrecision' has no attribute 'SECONDS'
2026-04-21 12:45:19 | ERROR    | src.storage.influx_writer | InfluxDB write failed: type object 'WritePrecision' has no attribute 'SECONDS'
2026-04-21 12:45:21 | ERROR    | src.storage.influx_writer | InfluxDB write failed: type object 'WritePrecision' has no attribute 'SECONDS'
2026-04-21 12:45:23 | ERROR    | src.storage.influx_writer | InfluxDB write failed: type object 'WritePrecision' has no attribute 'SECONDS'
2026-04-21 12:45:25 | ERROR    | src.storage.influx_writer | InfluxDB write failed: type object 'WritePrecision' has no attribute 'SECONDS'
2026-04-21 12:45:27 | ERROR    | src.storage.influx_writer | InfluxDB write failed: type object 'WritePrecision' has no attribute 'SECONDS'
2026-04-21 12:45:29 | ERROR    | src.storage.influx_writer | InfluxDB write failed: type object 'WritePrecision' has no attribute 'SECONDS'
2026-04-21 12:45:31 | ERROR    | src.storage.influx_writer | InfluxDB write failed: type object 'WritePrecision' has no attribute 'SECONDS'
2026-04-21 12:45:33 | ERROR    | src.storage.influx_writer | InfluxDB write failed: type object 'WritePrecision' has no attribute 'SECONDS'
2026-04-21 12:45:35 | ERROR    | src.storage.influx_writer | InfluxDB write failed: type object 'WritePrecision' has no attribute 'SECONDS'
2026-04-21 12:49:13 | WARNING  | src.device.simulator | Simulator disconnected — rc=7
2026-04-21 12:49:13 | WARNING  | src.communication.mqtt_subscriber | Subscriber disconnected — rc=7
2026-04-21 12:49:13 | WARNING  | src.device.simulator | Not connected — waiting...
2026-04-21 12:49:14 | INFO     | src.communication.mqtt_subscriber | Subscriber connected and subscribed to: airguard/sensors/raw
2026-04-21 12:49:14 | INFO     | src.device.simulator | Simulator connected to MQTT broker
2026-04-21 12:49:18 | ERROR    | src.storage.influx_writer | InfluxDB write failed: type object 'WritePrecision' has no attribute 'SECONDS'
2026-04-21 12:49:20 | ERROR    | src.storage.influx_writer | InfluxDB write failed: type object 'WritePrecision' has no attribute 'SECONDS'
2026-04-21 12:49:22 | ERROR    | src.storage.influx_writer | InfluxDB write failed: type object 'WritePrecision' has no attribute 'SECONDS'
2026-04-21 12:49:24 | ERROR    | src.storage.influx_writer | InfluxDB write failed: type object 'WritePrecision' has no attribute 'SECONDS'
2026-04-21 12:49:26 | ERROR    | src.storage.influx_writer | InfluxDB write failed: type object 'WritePrecision' has no attribute 'SECONDS'
2026-04-21 12:49:28 | ERROR    | src.storage.influx_writer | InfluxDB write failed: type object 'WritePrecision' has no attribute 'SECONDS'
2026-04-21 12:49:30 | ERROR    | src.storage.influx_writer | InfluxDB write failed: type object 'WritePrecision' has no attribute 'SECONDS'
2026-04-21 12:49:32 | ERROR    | src.storage.influx_writer | InfluxDB write failed: type object 'WritePrecision' has no attribute 'SECONDS'
2026-04-21 12:49:34 | ERROR    | src.storage.influx_writer | InfluxDB write failed: type object 'WritePrecision' has no attribute 'SECONDS'
2026-04-21 12:49:36 | ERROR    | src.storage.influx_writer | InfluxDB write failed: type object 'WritePrecision' has no attribute 'SECONDS'
2026-04-21 12:49:38 | ERROR    | src.storage.influx_writer | InfluxDB write failed: type object 'WritePrecision' has no attribute 'SECONDS'
2026-04-21 12:49:40 | ERROR    | src.storage.influx_writer | InfluxDB write failed: type object 'WritePrecision' has no attribute 'SECONDS'
2026-04-21 12:49:42 | ERROR    | src.storage.influx_writer | InfluxDB write failed: type object 'WritePrecision' has no attribute 'SECONDS'
2026-04-21 12:49:44 | ERROR    | src.storage.influx_writer | InfluxDB write failed: type object 'WritePrecision' has no attribute 'SECONDS'
2026-04-21 12:49:46 | ERROR    | src.storage.influx_writer | InfluxDB write failed: type object 'WritePrecision' has no attribute 'SECONDS'
2026-04-21 12:49:48 | ERROR    | src.storage.influx_writer | InfluxDB write failed: type object 'WritePrecision' has no attribute 'SECONDS'
2026-04-21 12:49:50 | ERROR    | src.storage.influx_writer | InfluxDB write failed: type object 'WritePrecision' has no attribute 'SECONDS'
2026-04-21 12:49:52 | ERROR    | src.storage.influx_writer | InfluxDB write failed: type object 'WritePrecision' has no attribute 'SECONDS'
2026-04-21 12:49:54 | ERROR    | src.storage.influx_writer | InfluxDB write failed: type object 'WritePrecision' has no attribute 'SECONDS'
2026-04-21 12:49:56 | ERROR    | src.storage.influx_writer | InfluxDB write failed: type object 'WritePrecision' has no attribute 'SECONDS'
2026-04-21 12:49:58 | ERROR    | src.storage.influx_writer | InfluxDB write failed: type object 'WritePrecision' has no attribute 'SECONDS'
2026-04-21 12:50:00 | ERROR    | src.storage.influx_writer | InfluxDB write failed: type object 'WritePrecision' has no attribute 'SECONDS'
2026-04-21 12:50:02 | ERROR    | src.storage.influx_writer | InfluxDB write failed: type object 'WritePrecision' has no attribute 'SECONDS'
2026-04-21 12:50:04 | ERROR    | src.storage.influx_writer | InfluxDB write failed: type object 'WritePrecision' has no attribute 'SECONDS'
2026-04-21 12:50:06 | ERROR    | src.storage.influx_writer | InfluxDB write failed: type object 'WritePrecision' has no attribute 'SECONDS'
2026-04-21 12:50:08 | ERROR    | src.storage.influx_writer | InfluxDB write failed: type object 'WritePrecision' has no attribute 'SECONDS'
2026-04-21 12:50:10 | ERROR    | src.storage.influx_writer | InfluxDB write failed: type object 'WritePrecision' has no attribute 'SECONDS'
2026-04-21 12:50:12 | ERROR    | src.storage.influx_writer | InfluxDB write failed: type object 'WritePrecision' has no attribute 'SECONDS'
2026-04-21 12:50:14 | ERROR    | src.storage.influx_writer | InfluxDB write failed: type object 'WritePrecision' has no attribute 'SECONDS'
2026-04-21 12:50:16 | ERROR    | src.storage.influx_writer | InfluxDB write failed: type object 'WritePrecision' has no attribute 'SECONDS'
2026-04-21 12:50:18 | ERROR    | src.storage.influx_writer | InfluxDB write failed: type object 'WritePrecision' has no attribute 'SECONDS'
2026-04-21 12:50:20 | ERROR    | src.storage.influx_writer | InfluxDB write failed: type object 'WritePrecision' has no attribute 'SECONDS'
2026-04-21 12:50:22 | ERROR    | src.storage.influx_writer | InfluxDB write failed: type object 'WritePrecision' has no attribute 'SECONDS'
2026-04-21 12:50:24 | ERROR    | src.storage.influx_writer | InfluxDB write failed: type object 'WritePrecision' has no attribute 'SECONDS'
2026-04-21 12:50:26 | ERROR    | src.storage.influx_writer | InfluxDB write failed: type object 'WritePrecision' has no attribute 'SECONDS'
2026-04-21 12:50:28 | ERROR    | src.storage.influx_writer | InfluxDB write failed: type object 'WritePrecision' has no attribute 'SECONDS'
2026-04-21 12:50:30 | ERROR    | src.storage.influx_writer | InfluxDB write failed: type object 'WritePrecision' has no attribute 'SECONDS'
2026-04-21 12:50:32 | ERROR    | src.storage.influx_writer | InfluxDB write failed: type object 'WritePrecision' has no attribute 'SECONDS'
2026-04-21 12:50:34 | ERROR    | src.storage.influx_writer | InfluxDB write failed: type object 'WritePrecision' has no attribute 'SECONDS'
2026-04-21 12:50:36 | ERROR    | src.storage.influx_writer | InfluxDB write failed: type object 'WritePrecision' has no attribute 'SECONDS'
2026-04-21 12:50:38 | ERROR    | src.storage.influx_writer | InfluxDB write failed: type object 'WritePrecision' has no attribute 'SECONDS'
2026-04-21 12:50:40 | ERROR    | src.storage.influx_writer | InfluxDB write failed: type object 'WritePrecision' has no attribute 'SECONDS'
2026-04-21 12:50:42 | ERROR    | src.storage.influx_writer | InfluxDB write failed: type object 'WritePrecision' has no attribute 'SECONDS'
2026-04-21 12:50:44 | ERROR    | src.storage.influx_writer | InfluxDB write failed: type object 'WritePrecision' has no attribute 'SECONDS'
2026-04-21 12:50:46 | ERROR    | src.storage.influx_writer | InfluxDB write failed: type object 'WritePrecision' has no attribute 'SECONDS'
2026-04-21 12:50:48 | ERROR    | src.storage.influx_writer | InfluxDB write failed: type object 'WritePrecision' has no attribute 'SECONDS'
2026-04-21 12:50:50 | ERROR    | src.storage.influx_writer | InfluxDB write failed: type object 'WritePrecision' has no attribute 'SECONDS'
2026-04-21 12:50:52 | ERROR    | src.storage.influx_writer | InfluxDB write failed: type object 'WritePrecision' has no attribute 'SECONDS'
2026-04-21 12:50:54 | ERROR    | src.storage.influx_writer | InfluxDB write failed: type object 'WritePrecision' has no attribute 'SECONDS'
2026-04-21 12:50:56 | ERROR    | src.storage.influx_writer | InfluxDB write failed: type object 'WritePrecision' has no attribute 'SECONDS'
2026-04-21 12:50:58 | INFO     | src.processing.data_processor | Processed: 300 | Rejected: 1 | AQI: 56.1 (Moderate)
2026-04-21 12:50:58 | ERROR    | src.storage.influx_writer | InfluxDB write failed: type object 'WritePrecision' has no attribute 'SECONDS'
2026-04-21 12:51:00 | ERROR    | src.storage.influx_writer | InfluxDB write failed: type object 'WritePrecision' has no attribute 'SECONDS'
2026-04-21 12:51:02 | ERROR    | src.storage.influx_writer | InfluxDB write failed: type object 'WritePrecision' has no attribute 'SECONDS'
2026-04-21 12:51:04 | ERROR    | src.storage.influx_writer | InfluxDB write failed: type object 'WritePrecision' has no attribute 'SECONDS'
2026-04-21 12:51:06 | ERROR    | src.storage.influx_writer | InfluxDB write failed: type object 'WritePrecision' has no attribute 'SECONDS'
2026-04-21 12:51:08 | ERROR    | src.storage.influx_writer | InfluxDB write failed: type object 'WritePrecision' has no attribute 'SECONDS'
2026-04-21 12:51:10 | ERROR    | src.storage.influx_writer | InfluxDB write failed: type object 'WritePrecision' has no attribute 'SECONDS'
2026-04-21 12:51:12 | ERROR    | src.storage.influx_writer | InfluxDB write failed: type object 'WritePrecision' has no attribute 'SECONDS'
2026-04-21 12:51:14 | ERROR    | src.storage.influx_writer | InfluxDB write failed: type object 'WritePrecision' has no attribute 'SECONDS'
2026-04-21 12:51:16 | ERROR    | src.storage.influx_writer | InfluxDB write failed: type object 'WritePrecision' has no attribute 'SECONDS'
2026-04-21 12:51:18 | ERROR    | src.storage.influx_writer | InfluxDB write failed: type object 'WritePrecision' has no attribute 'SECONDS'
2026-04-21 12:51:20 | ERROR    | src.storage.influx_writer | InfluxDB write failed: type object 'WritePrecision' has no attribute 'SECONDS'
2026-04-21 12:51:22 | ERROR    | src.storage.influx_writer | InfluxDB write failed: type object 'WritePrecision' has no attribute 'SECONDS'
2026-04-21 12:51:24 | ERROR    | src.storage.influx_writer | InfluxDB write failed: type object 'WritePrecision' has no attribute 'SECONDS'
2026-04-21 12:51:26 | ERROR    | src.storage.influx_writer | InfluxDB write failed: type object 'WritePrecision' has no attribute 'SECONDS'
2026-04-21 12:51:28 | ERROR    | src.storage.influx_writer | InfluxDB write failed: type object 'WritePrecision' has no attribute 'SECONDS'
2026-04-21 12:51:30 | ERROR    | src.storage.influx_writer | InfluxDB write failed: type object 'WritePrecision' has no attribute 'SECONDS'
2026-04-21 12:51:32 | ERROR    | src.storage.influx_writer | InfluxDB write failed: type object 'WritePrecision' has no attribute 'SECONDS'
2026-04-21 12:51:34 | ERROR    | src.storage.influx_writer | InfluxDB write failed: type object 'WritePrecision' has no attribute 'SECONDS'
2026-04-21 12:51:36 | ERROR    | src.storage.influx_writer | InfluxDB write failed: type object 'WritePrecision' has no attribute 'SECONDS'
2026-04-21 12:51:38 | ERROR    | src.storage.influx_writer | InfluxDB write failed: type object 'WritePrecision' has no attribute 'SECONDS'
2026-04-21 12:51:40 | ERROR    | src.storage.influx_writer | InfluxDB write failed: type object 'WritePrecision' has no attribute 'SECONDS'
2026-04-21 12:51:42 | ERROR    | src.storage.influx_writer | InfluxDB write failed: type object 'WritePrecision' has no attribute 'SECONDS'
2026-04-21 12:51:44 | ERROR    | src.storage.influx_writer | InfluxDB write failed: type object 'WritePrecision' has no attribute 'SECONDS'
2026-04-21 12:51:46 | ERROR    | src.storage.influx_writer | InfluxDB write failed: type object 'WritePrecision' has no attribute 'SECONDS'
2026-04-21 12:51:48 | ERROR    | src.storage.influx_writer | InfluxDB write failed: type object 'WritePrecision' has no attribute 'SECONDS'
2026-04-21 12:51:50 | ERROR    | src.storage.influx_writer | InfluxDB write failed: type object 'WritePrecision' has no attribute 'SECONDS'
2026-04-21 12:51:52 | ERROR    | src.storage.influx_writer | InfluxDB write failed: type object 'WritePrecision' has no attribute 'SECONDS'
2026-04-21 12:51:54 | ERROR    | src.storage.influx_writer | InfluxDB write failed: type object 'WritePrecision' has no attribute 'SECONDS'
2026-04-21 12:51:56 | ERROR    | src.storage.influx_writer | InfluxDB write failed: type object 'WritePrecision' has no attribute 'SECONDS'
2026-04-21 12:51:58 | ERROR    | src.storage.influx_writer | InfluxDB write failed: type object 'WritePrecision' has no attribute 'SECONDS'
2026-04-21 12:52:00 | ERROR    | src.storage.influx_writer | InfluxDB write failed: type object 'WritePrecision' has no attribute 'SECONDS'
2026-04-21 12:52:02 | ERROR    | src.storage.influx_writer | InfluxDB write failed: type object 'WritePrecision' has no attribute 'SECONDS'
2026-04-21 12:52:04 | ERROR    | src.storage.influx_writer | InfluxDB write failed: type object 'WritePrecision' has no attribute 'SECONDS'
2026-04-21 12:52:06 | ERROR    | src.storage.influx_writer | InfluxDB write failed: type object 'WritePrecision' has no attribute 'SECONDS'
2026-04-21 12:52:08 | ERROR    | src.storage.influx_writer | InfluxDB write failed: type object 'WritePrecision' has no attribute 'SECONDS'
2026-04-21 12:52:10 | ERROR    | src.storage.influx_writer | InfluxDB write failed: type object 'WritePrecision' has no attribute 'SECONDS'
2026-04-21 12:52:12 | ERROR    | src.storage.influx_writer | InfluxDB write failed: type object 'WritePrecision' has no attribute 'SECONDS'
2026-04-21 12:52:14 | ERROR    | src.storage.influx_writer | InfluxDB write failed: type object 'WritePrecision' has no attribute 'SECONDS'
2026-04-21 12:52:16 | ERROR    | src.storage.influx_writer | InfluxDB write failed: type object 'WritePrecision' has no attribute 'SECONDS'
2026-04-21 12:52:18 | ERROR    | src.storage.influx_writer | InfluxDB write failed: type object 'WritePrecision' has no attribute 'SECONDS'
2026-04-21 12:52:20 | ERROR    | src.storage.influx_writer | InfluxDB write failed: type object 'WritePrecision' has no attribute 'SECONDS'
2026-04-21 12:52:22 | ERROR    | src.storage.influx_writer | InfluxDB write failed: type object 'WritePrecision' has no attribute 'SECONDS'
2026-04-21 12:52:24 | ERROR    | src.storage.influx_writer | InfluxDB write failed: type object 'WritePrecision' has no attribute 'SECONDS'
2026-04-21 12:52:26 | ERROR    | src.storage.influx_writer | InfluxDB write failed: type object 'WritePrecision' has no attribute 'SECONDS'
2026-04-21 12:52:28 | ERROR    | src.storage.influx_writer | InfluxDB write failed: type object 'WritePrecision' has no attribute 'SECONDS'
2026-04-21 12:52:30 | ERROR    | src.storage.influx_writer | InfluxDB write failed: type object 'WritePrecision' has no attribute 'SECONDS'
2026-04-21 12:52:32 | ERROR    | src.storage.influx_writer | InfluxDB write failed: type object 'WritePrecision' has no attribute 'SECONDS'
2026-04-21 12:52:34 | ERROR    | src.storage.influx_writer | InfluxDB write failed: type object 'WritePrecision' has no attribute 'SECONDS'
2026-04-21 12:52:36 | ERROR    | src.storage.influx_writer | InfluxDB write failed: type object 'WritePrecision' has no attribute 'SECONDS'
2026-04-21 12:52:38 | ERROR    | src.storage.influx_writer | InfluxDB write failed: type object 'WritePrecision' has no attribute 'SECONDS'
2026-04-21 12:52:40 | ERROR    | src.storage.influx_writer | InfluxDB write failed: type object 'WritePrecision' has no attribute 'SECONDS'
2026-04-21 12:52:42 | ERROR    | src.storage.influx_writer | InfluxDB write failed: type object 'WritePrecision' has no attribute 'SECONDS'
2026-04-21 12:52:44 | ERROR    | src.storage.influx_writer | InfluxDB write failed: type object 'WritePrecision' has no attribute 'SECONDS'
2026-04-21 12:52:46 | ERROR    | src.storage.influx_writer | InfluxDB write failed: type object 'WritePrecision' has no attribute 'SECONDS'
2026-04-21 12:52:48 | ERROR    | src.storage.influx_writer | InfluxDB write failed: type object 'WritePrecision' has no attribute 'SECONDS'
2026-04-21 12:52:50 | ERROR    | src.storage.influx_writer | InfluxDB write failed: type object 'WritePrecision' has no attribute 'SECONDS'
2026-04-21 12:52:52 | ERROR    | src.storage.influx_writer | InfluxDB write failed: type object 'WritePrecision' has no attribute 'SECONDS'
2026-04-21 12:52:54 | ERROR    | src.storage.influx_writer | InfluxDB write failed: type object 'WritePrecision' has no attribute 'SECONDS'
2026-04-21 12:52:56 | ERROR    | src.storage.influx_writer | InfluxDB write failed: type object 'WritePrecision' has no attribute 'SECONDS'
2026-04-21 12:52:58 | ERROR    | src.storage.influx_writer | InfluxDB write failed: type object 'WritePrecision' has no attribute 'SECONDS'
2026-04-21 12:53:00 | ERROR    | src.storage.influx_writer | InfluxDB write failed: type object 'WritePrecision' has no attribute 'SECONDS'
2026-04-21 12:53:02 | ERROR    | src.storage.influx_writer | InfluxDB write failed: type object 'WritePrecision' has no attribute 'SECONDS'
2026-04-21 12:53:04 | ERROR    | src.storage.influx_writer | InfluxDB write failed: type object 'WritePrecision' has no attribute 'SECONDS'
2026-04-21 12:53:06 | ERROR    | src.storage.influx_writer | InfluxDB write failed: type object 'WritePrecision' has no attribute 'SECONDS'
2026-04-21 12:53:08 | ERROR    | src.storage.influx_writer | InfluxDB write failed: type object 'WritePrecision' has no attribute 'SECONDS'
2026-04-21 12:53:10 | ERROR    | src.storage.influx_writer | InfluxDB write failed: type object 'WritePrecision' has no attribute 'SECONDS'
2026-04-21 12:53:12 | ERROR    | src.storage.influx_writer | InfluxDB write failed: type object 'WritePrecision' has no attribute 'SECONDS'
2026-04-21 12:53:14 | ERROR    | src.storage.influx_writer | InfluxDB write failed: type object 'WritePrecision' has no attribute 'SECONDS'
2026-04-21 12:53:16 | ERROR    | src.storage.influx_writer | InfluxDB write failed: type object 'WritePrecision' has no attribute 'SECONDS'
2026-04-21 12:53:18 | ERROR    | src.storage.influx_writer | InfluxDB write failed: type object 'WritePrecision' has no attribute 'SECONDS'
2026-04-21 12:53:20 | ERROR    | src.storage.influx_writer | InfluxDB write failed: type object 'WritePrecision' has no attribute 'SECONDS'
2026-04-21 12:53:22 | ERROR    | src.storage.influx_writer | InfluxDB write failed: type object 'WritePrecision' has no attribute 'SECONDS'
2026-04-21 12:53:24 | ERROR    | src.storage.influx_writer | InfluxDB write failed: type object 'WritePrecision' has no attribute 'SECONDS'
2026-04-21 12:53:26 | ERROR    | src.storage.influx_writer | InfluxDB write failed: type object 'WritePrecision' has no attribute 'SECONDS'
2026-04-21 12:53:28 | ERROR    | src.storage.influx_writer | InfluxDB write failed: type object 'WritePrecision' has no attribute 'SECONDS'
2026-04-21 12:53:30 | ERROR    | src.storage.influx_writer | InfluxDB write failed: type object 'WritePrecision' has no attribute 'SECONDS'
2026-04-21 12:53:32 | ERROR    | src.storage.influx_writer | InfluxDB write failed: type object 'WritePrecision' has no attribute 'SECONDS'
2026-04-21 12:53:34 | ERROR    | src.storage.influx_writer | InfluxDB write failed: type object 'WritePrecision' has no attribute 'SECONDS'
2026-04-21 12:53:36 | ERROR    | src.storage.influx_writer | InfluxDB write failed: type object 'WritePrecision' has no attribute 'SECONDS'
2026-04-21 12:53:38 | ERROR    | src.storage.influx_writer | InfluxDB write failed: type object 'WritePrecision' has no attribute 'SECONDS'
2026-04-21 12:53:40 | ERROR    | src.storage.influx_writer | InfluxDB write failed: type object 'WritePrecision' has no attribute 'SECONDS'
2026-04-21 12:53:42 | ERROR    | src.storage.influx_writer | InfluxDB write failed: type object 'WritePrecision' has no attribute 'SECONDS'
2026-04-21 12:53:44 | ERROR    | src.storage.influx_writer | InfluxDB write failed: type object 'WritePrecision' has no attribute 'SECONDS'
2026-04-21 12:53:46 | ERROR    | src.storage.influx_writer | InfluxDB write failed: type object 'WritePrecision' has no attribute 'SECONDS'
2026-04-21 12:53:48 | ERROR    | src.storage.influx_writer | InfluxDB write failed: type object 'WritePrecision' has no attribute 'SECONDS'
2026-04-21 12:53:50 | ERROR    | src.storage.influx_writer | InfluxDB write failed: type object 'WritePrecision' has no attribute 'SECONDS'
2026-04-21 12:53:52 | ERROR    | src.storage.influx_writer | InfluxDB write failed: type object 'WritePrecision' has no attribute 'SECONDS'
2026-04-21 12:53:54 | ERROR    | src.storage.influx_writer | InfluxDB write failed: type object 'WritePrecision' has no attribute 'SECONDS'
2026-04-21 12:53:56 | WARNING  | src.utils.aqi_calculator | Concentration 6236.55 exceeds breakpoint table max
2026-04-21 12:53:56 | ERROR    | src.storage.influx_writer | InfluxDB write failed: type object 'WritePrecision' has no attribute 'SECONDS'
2026-04-21 12:53:58 | ERROR    | src.storage.influx_writer | InfluxDB write failed: type object 'WritePrecision' has no attribute 'SECONDS'
2026-04-21 12:54:00 | ERROR    | src.storage.influx_writer | InfluxDB write failed: type object 'WritePrecision' has no attribute 'SECONDS'
2026-04-21 12:54:02 | ERROR    | src.storage.influx_writer | InfluxDB write failed: type object 'WritePrecision' has no attribute 'SECONDS'
2026-04-21 12:54:04 | ERROR    | src.storage.influx_writer | InfluxDB write failed: type object 'WritePrecision' has no attribute 'SECONDS'
2026-04-21 12:54:06 | ERROR    | src.storage.influx_writer | InfluxDB write failed: type object 'WritePrecision' has no attribute 'SECONDS'
2026-04-21 12:54:08 | ERROR    | src.storage.influx_writer | InfluxDB write failed: type object 'WritePrecision' has no attribute 'SECONDS'
2026-04-21 12:54:10 | ERROR    | src.storage.influx_writer | InfluxDB write failed: type object 'WritePrecision' has no attribute 'SECONDS'
2026-04-21 12:54:12 | ERROR    | src.storage.influx_writer | InfluxDB write failed: type object 'WritePrecision' has no attribute 'SECONDS'
2026-04-21 12:54:14 | ERROR    | src.storage.influx_writer | InfluxDB write failed: type object 'WritePrecision' has no attribute 'SECONDS'
2026-04-21 12:54:16 | WARNING  | src.utils.aqi_calculator | Concentration 6652.72 exceeds breakpoint table max
2026-04-21 12:54:16 | ERROR    | src.storage.influx_writer | InfluxDB write failed: type object 'WritePrecision' has no attribute 'SECONDS'
2026-04-21 12:54:18 | INFO     | src.processing.data_processor | Processed: 400 | Rejected: 2 | AQI: 65.3 (Moderate)
2026-04-21 12:54:18 | ERROR    | src.storage.influx_writer | InfluxDB write failed: type object 'WritePrecision' has no attribute 'SECONDS'
2026-04-21 12:54:20 | ERROR    | src.storage.influx_writer | InfluxDB write failed: type object 'WritePrecision' has no attribute 'SECONDS'
2026-04-21 12:54:22 | ERROR    | src.storage.influx_writer | InfluxDB write failed: type object 'WritePrecision' has no attribute 'SECONDS'
2026-04-21 12:54:24 | ERROR    | src.storage.influx_writer | InfluxDB write failed: type object 'WritePrecision' has no attribute 'SECONDS'
2026-04-21 12:54:26 | ERROR    | src.storage.influx_writer | InfluxDB write failed: type object 'WritePrecision' has no attribute 'SECONDS'
2026-04-21 12:54:28 | ERROR    | src.storage.influx_writer | InfluxDB write failed: type object 'WritePrecision' has no attribute 'SECONDS'
2026-04-21 12:54:30 | ERROR    | src.storage.influx_writer | InfluxDB write failed: type object 'WritePrecision' has no attribute 'SECONDS'
2026-04-21 12:54:32 | ERROR    | src.storage.influx_writer | InfluxDB write failed: type object 'WritePrecision' has no attribute 'SECONDS'
2026-04-21 12:54:34 | ERROR    | src.storage.influx_writer | InfluxDB write failed: type object 'WritePrecision' has no attribute 'SECONDS'
2026-04-21 12:54:36 | ERROR    | src.storage.influx_writer | InfluxDB write failed: type object 'WritePrecision' has no attribute 'SECONDS'
2026-04-21 12:54:38 | WARNING  | src.utils.aqi_calculator | Concentration 9820.93 exceeds breakpoint table max
2026-04-21 12:54:38 | ERROR    | src.storage.influx_writer | InfluxDB write failed: type object 'WritePrecision' has no attribute 'SECONDS'
2026-04-21 12:54:40 | ERROR    | src.storage.influx_writer | InfluxDB write failed: type object 'WritePrecision' has no attribute 'SECONDS'
2026-04-21 12:54:42 | ERROR    | src.storage.influx_writer | InfluxDB write failed: type object 'WritePrecision' has no attribute 'SECONDS'
2026-04-21 12:54:44 | ERROR    | src.storage.influx_writer | InfluxDB write failed: type object 'WritePrecision' has no attribute 'SECONDS'
2026-04-21 12:54:46 | ERROR    | src.storage.influx_writer | InfluxDB write failed: type object 'WritePrecision' has no attribute 'SECONDS'
2026-04-21 12:54:48 | ERROR    | src.storage.influx_writer | InfluxDB write failed: type object 'WritePrecision' has no attribute 'SECONDS'
2026-04-21 12:54:50 | ERROR    | src.storage.influx_writer | InfluxDB write failed: type object 'WritePrecision' has no attribute 'SECONDS'
2026-04-21 12:54:52 | ERROR    | src.storage.influx_writer | InfluxDB write failed: type object 'WritePrecision' has no attribute 'SECONDS'
2026-04-21 12:54:54 | ERROR    | src.storage.influx_writer | InfluxDB write failed: type object 'WritePrecision' has no attribute 'SECONDS'
2026-04-21 12:54:56 | ERROR    | src.storage.influx_writer | InfluxDB write failed: type object 'WritePrecision' has no attribute 'SECONDS'
2026-04-21 12:54:58 | ERROR    | src.storage.influx_writer | InfluxDB write failed: type object 'WritePrecision' has no attribute 'SECONDS'
2026-04-21 12:55:00 | ERROR    | src.storage.influx_writer | InfluxDB write failed: type object 'WritePrecision' has no attribute 'SECONDS'
2026-04-21 12:55:02 | ERROR    | src.storage.influx_writer | InfluxDB write failed: type object 'WritePrecision' has no attribute 'SECONDS'
2026-04-21 12:55:04 | WARNING  | src.utils.aqi_calculator | Concentration 7256.55 exceeds breakpoint table max
2026-04-21 12:55:04 | ERROR    | src.storage.influx_writer | InfluxDB write failed: type object 'WritePrecision' has no attribute 'SECONDS'
2026-04-21 12:55:06 | ERROR    | src.storage.influx_writer | InfluxDB write failed: type object 'WritePrecision' has no attribute 'SECONDS'
2026-04-21 12:55:08 | ERROR    | src.storage.influx_writer | InfluxDB write failed: type object 'WritePrecision' has no attribute 'SECONDS'
2026-04-21 12:55:10 | ERROR    | src.storage.influx_writer | InfluxDB write failed: type object 'WritePrecision' has no attribute 'SECONDS'
2026-04-21 12:55:12 | ERROR    | src.storage.influx_writer | InfluxDB write failed: type object 'WritePrecision' has no attribute 'SECONDS'
2026-04-21 12:55:14 | ERROR    | src.storage.influx_writer | InfluxDB write failed: type object 'WritePrecision' has no attribute 'SECONDS'
2026-04-21 12:55:16 | ERROR    | src.storage.influx_writer | InfluxDB write failed: type object 'WritePrecision' has no attribute 'SECONDS'
2026-04-21 12:55:18 | ERROR    | src.storage.influx_writer | InfluxDB write failed: type object 'WritePrecision' has no attribute 'SECONDS'
2026-04-21 12:55:20 | ERROR    | src.storage.influx_writer | InfluxDB write failed: type object 'WritePrecision' has no attribute 'SECONDS'
2026-04-21 12:55:22 | ERROR    | src.storage.influx_writer | InfluxDB write failed: type object 'WritePrecision' has no attribute 'SECONDS'
2026-04-21 12:55:24 | ERROR    | src.storage.influx_writer | InfluxDB write failed: type object 'WritePrecision' has no attribute 'SECONDS'
2026-04-21 12:55:26 | ERROR    | src.storage.influx_writer | InfluxDB write failed: type object 'WritePrecision' has no attribute 'SECONDS'
2026-04-21 12:56:10 | INFO     | pipeline | Logging initialised — level=INFO  file=logs\airguard.log
2026-04-21 12:56:10 | INFO     | __main__ | === AirGuard Pipeline Starting ===
2026-04-21 12:56:10 | INFO     | src.storage.influx_writer | InfluxDB connected at http://localhost:8086
2026-04-21 12:56:10 | INFO     | src.communication.mqtt_subscriber | Subscriber connected and subscribed to: airguard/sensors/raw
2026-04-21 12:56:12 | INFO     | src.communication.mqtt_subscriber | MQTT Subscriber running — waiting for messages...
2026-04-21 13:00:56 | INFO     | simulator | Logging initialised — level=INFO  file=logs\airguard.log
2026-04-21 13:00:56 | INFO     | __main__ | === AirGuard Simulator Starting ===
2026-04-21 13:00:56 | INFO     | src.device.simulator | Connecting to MQTT broker localhost:1883
2026-04-21 13:00:56 | INFO     | src.device.simulator | Simulator connected to MQTT broker
2026-04-21 13:00:58 | INFO     | src.device.simulator | Simulator starting — target records: 10500
2026-04-21 13:00:58 | ERROR    | src.storage.influx_writer | InfluxDB write failed: type object 'WritePrecision' has no attribute 'SECONDS'
2026-04-21 13:01:00 | ERROR    | src.storage.influx_writer | InfluxDB write failed: type object 'WritePrecision' has no attribute 'SECONDS'
2026-04-21 13:01:02 | ERROR    | src.storage.influx_writer | InfluxDB write failed: type object 'WritePrecision' has no attribute 'SECONDS'
2026-04-21 13:01:04 | ERROR    | src.storage.influx_writer | InfluxDB write failed: type object 'WritePrecision' has no attribute 'SECONDS'
2026-04-21 13:01:06 | ERROR    | src.storage.influx_writer | InfluxDB write failed: type object 'WritePrecision' has no attribute 'SECONDS'
2026-04-21 13:01:08 | ERROR    | src.storage.influx_writer | InfluxDB write failed: type object 'WritePrecision' has no attribute 'SECONDS'
2026-04-21 13:01:10 | ERROR    | src.storage.influx_writer | InfluxDB write failed: type object 'WritePrecision' has no attribute 'SECONDS'
2026-04-21 13:01:12 | ERROR    | src.storage.influx_writer | InfluxDB write failed: type object 'WritePrecision' has no attribute 'SECONDS'
2026-04-21 13:01:14 | ERROR    | src.storage.influx_writer | InfluxDB write failed: type object 'WritePrecision' has no attribute 'SECONDS'
2026-04-21 13:01:16 | ERROR    | src.storage.influx_writer | InfluxDB write failed: type object 'WritePrecision' has no attribute 'SECONDS'
2026-04-21 13:01:18 | ERROR    | src.storage.influx_writer | InfluxDB write failed: type object 'WritePrecision' has no attribute 'SECONDS'
2026-04-21 13:01:20 | ERROR    | src.storage.influx_writer | InfluxDB write failed: type object 'WritePrecision' has no attribute 'SECONDS'
2026-04-21 13:01:22 | ERROR    | src.storage.influx_writer | InfluxDB write failed: type object 'WritePrecision' has no attribute 'SECONDS'
2026-04-21 13:01:24 | ERROR    | src.storage.influx_writer | InfluxDB write failed: type object 'WritePrecision' has no attribute 'SECONDS'
2026-04-21 13:01:26 | ERROR    | src.storage.influx_writer | InfluxDB write failed: type object 'WritePrecision' has no attribute 'SECONDS'
2026-04-21 13:01:28 | ERROR    | src.storage.influx_writer | InfluxDB write failed: type object 'WritePrecision' has no attribute 'SECONDS'
2026-04-21 13:01:30 | ERROR    | src.storage.influx_writer | InfluxDB write failed: type object 'WritePrecision' has no attribute 'SECONDS'
2026-04-21 13:01:32 | WARNING  | src.utils.aqi_calculator | Concentration 8568.81 exceeds breakpoint table max
2026-04-21 13:01:32 | ERROR    | src.storage.influx_writer | InfluxDB write failed: type object 'WritePrecision' has no attribute 'SECONDS'
2026-04-21 13:01:34 | ERROR    | src.storage.influx_writer | InfluxDB write failed: type object 'WritePrecision' has no attribute 'SECONDS'
2026-04-21 13:01:36 | ERROR    | src.storage.influx_writer | InfluxDB write failed: type object 'WritePrecision' has no attribute 'SECONDS'
2026-04-21 13:01:38 | ERROR    | src.storage.influx_writer | InfluxDB write failed: type object 'WritePrecision' has no attribute 'SECONDS'
2026-04-21 13:01:40 | ERROR    | src.storage.influx_writer | InfluxDB write failed: type object 'WritePrecision' has no attribute 'SECONDS'
2026-04-21 13:01:42 | ERROR    | src.storage.influx_writer | InfluxDB write failed: type object 'WritePrecision' has no attribute 'SECONDS'
2026-04-21 13:01:44 | ERROR    | src.storage.influx_writer | InfluxDB write failed: type object 'WritePrecision' has no attribute 'SECONDS'
2026-04-21 13:01:46 | ERROR    | src.storage.influx_writer | InfluxDB write failed: type object 'WritePrecision' has no attribute 'SECONDS'
2026-04-21 13:01:48 | ERROR    | src.storage.influx_writer | InfluxDB write failed: type object 'WritePrecision' has no attribute 'SECONDS'
2026-04-21 13:01:50 | ERROR    | src.storage.influx_writer | InfluxDB write failed: type object 'WritePrecision' has no attribute 'SECONDS'
2026-04-21 13:01:52 | ERROR    | src.storage.influx_writer | InfluxDB write failed: type object 'WritePrecision' has no attribute 'SECONDS'
2026-04-21 13:01:54 | ERROR    | src.storage.influx_writer | InfluxDB write failed: type object 'WritePrecision' has no attribute 'SECONDS'
2026-04-21 13:01:56 | ERROR    | src.storage.influx_writer | InfluxDB write failed: type object 'WritePrecision' has no attribute 'SECONDS'
2026-04-21 13:01:58 | ERROR    | src.storage.influx_writer | InfluxDB write failed: type object 'WritePrecision' has no attribute 'SECONDS'
2026-04-21 13:02:00 | ERROR    | src.storage.influx_writer | InfluxDB write failed: type object 'WritePrecision' has no attribute 'SECONDS'
2026-04-21 13:02:02 | ERROR    | src.storage.influx_writer | InfluxDB write failed: type object 'WritePrecision' has no attribute 'SECONDS'
2026-04-21 13:02:04 | ERROR    | src.storage.influx_writer | InfluxDB write failed: type object 'WritePrecision' has no attribute 'SECONDS'
2026-04-21 13:02:06 | ERROR    | src.storage.influx_writer | InfluxDB write failed: type object 'WritePrecision' has no attribute 'SECONDS'
2026-04-21 13:02:08 | ERROR    | src.storage.influx_writer | InfluxDB write failed: type object 'WritePrecision' has no attribute 'SECONDS'
2026-04-21 13:02:10 | ERROR    | src.storage.influx_writer | InfluxDB write failed: type object 'WritePrecision' has no attribute 'SECONDS'
2026-04-21 13:02:12 | ERROR    | src.storage.influx_writer | InfluxDB write failed: type object 'WritePrecision' has no attribute 'SECONDS'
2026-04-21 13:02:14 | ERROR    | src.storage.influx_writer | InfluxDB write failed: type object 'WritePrecision' has no attribute 'SECONDS'
2026-04-21 13:02:16 | ERROR    | src.storage.influx_writer | InfluxDB write failed: type object 'WritePrecision' has no attribute 'SECONDS'
2026-04-21 13:02:18 | ERROR    | src.storage.influx_writer | InfluxDB write failed: type object 'WritePrecision' has no attribute 'SECONDS'
2026-04-21 13:02:20 | ERROR    | src.storage.influx_writer | InfluxDB write failed: type object 'WritePrecision' has no attribute 'SECONDS'
2026-04-21 13:02:22 | ERROR    | src.storage.influx_writer | InfluxDB write failed: type object 'WritePrecision' has no attribute 'SECONDS'
2026-04-21 13:02:24 | ERROR    | src.storage.influx_writer | InfluxDB write failed: type object 'WritePrecision' has no attribute 'SECONDS'
2026-04-21 13:02:26 | ERROR    | src.storage.influx_writer | InfluxDB write failed: type object 'WritePrecision' has no attribute 'SECONDS'
2026-04-21 13:02:28 | ERROR    | src.storage.influx_writer | InfluxDB write failed: type object 'WritePrecision' has no attribute 'SECONDS'
2026-04-21 13:02:30 | ERROR    | src.storage.influx_writer | InfluxDB write failed: type object 'WritePrecision' has no attribute 'SECONDS'
2026-04-21 13:02:32 | ERROR    | src.storage.influx_writer | InfluxDB write failed: type object 'WritePrecision' has no attribute 'SECONDS'
2026-04-21 13:02:34 | ERROR    | src.storage.influx_writer | InfluxDB write failed: type object 'WritePrecision' has no attribute 'SECONDS'
2026-04-21 13:02:36 | ERROR    | src.storage.influx_writer | InfluxDB write failed: type object 'WritePrecision' has no attribute 'SECONDS'
2026-04-21 13:02:38 | ERROR    | src.storage.influx_writer | InfluxDB write failed: type object 'WritePrecision' has no attribute 'SECONDS'
2026-04-21 13:02:40 | ERROR    | src.storage.influx_writer | InfluxDB write failed: type object 'WritePrecision' has no attribute 'SECONDS'
2026-04-21 13:02:42 | ERROR    | src.storage.influx_writer | InfluxDB write failed: type object 'WritePrecision' has no attribute 'SECONDS'
2026-04-21 13:02:44 | ERROR    | src.storage.influx_writer | InfluxDB write failed: type object 'WritePrecision' has no attribute 'SECONDS'
2026-04-21 13:02:46 | ERROR    | src.storage.influx_writer | InfluxDB write failed: type object 'WritePrecision' has no attribute 'SECONDS'
2026-04-21 13:02:48 | ERROR    | src.storage.influx_writer | InfluxDB write failed: type object 'WritePrecision' has no attribute 'SECONDS'
2026-04-21 13:02:50 | WARNING  | src.utils.aqi_calculator | Concentration 8795.06 exceeds breakpoint table max
2026-04-21 13:02:50 | ERROR    | src.storage.influx_writer | InfluxDB write failed: type object 'WritePrecision' has no attribute 'SECONDS'
2026-04-21 13:02:52 | ERROR    | src.storage.influx_writer | InfluxDB write failed: type object 'WritePrecision' has no attribute 'SECONDS'
2026-04-21 13:02:54 | ERROR    | src.storage.influx_writer | InfluxDB write failed: type object 'WritePrecision' has no attribute 'SECONDS'
2026-04-21 13:02:56 | ERROR    | src.storage.influx_writer | InfluxDB write failed: type object 'WritePrecision' has no attribute 'SECONDS'
2026-04-21 13:02:58 | ERROR    | src.storage.influx_writer | InfluxDB write failed: type object 'WritePrecision' has no attribute 'SECONDS'
2026-04-21 13:03:00 | ERROR    | src.storage.influx_writer | InfluxDB write failed: type object 'WritePrecision' has no attribute 'SECONDS'
2026-04-21 13:03:02 | ERROR    | src.storage.influx_writer | InfluxDB write failed: type object 'WritePrecision' has no attribute 'SECONDS'
2026-04-21 13:03:04 | ERROR    | src.storage.influx_writer | InfluxDB write failed: type object 'WritePrecision' has no attribute 'SECONDS'
2026-04-21 13:03:06 | ERROR    | src.storage.influx_writer | InfluxDB write failed: type object 'WritePrecision' has no attribute 'SECONDS'
2026-04-21 13:03:08 | ERROR    | src.storage.influx_writer | InfluxDB write failed: type object 'WritePrecision' has no attribute 'SECONDS'
2026-04-21 13:03:10 | ERROR    | src.storage.influx_writer | InfluxDB write failed: type object 'WritePrecision' has no attribute 'SECONDS'
2026-04-21 13:03:12 | ERROR    | src.storage.influx_writer | InfluxDB write failed: type object 'WritePrecision' has no attribute 'SECONDS'
2026-04-21 13:03:14 | ERROR    | src.storage.influx_writer | InfluxDB write failed: type object 'WritePrecision' has no attribute 'SECONDS'
2026-04-21 13:03:16 | ERROR    | src.storage.influx_writer | InfluxDB write failed: type object 'WritePrecision' has no attribute 'SECONDS'
2026-04-21 13:03:18 | ERROR    | src.storage.influx_writer | InfluxDB write failed: type object 'WritePrecision' has no attribute 'SECONDS'
2026-04-21 13:03:20 | ERROR    | src.storage.influx_writer | InfluxDB write failed: type object 'WritePrecision' has no attribute 'SECONDS'
2026-04-21 13:03:22 | ERROR    | src.storage.influx_writer | InfluxDB write failed: type object 'WritePrecision' has no attribute 'SECONDS'
2026-04-21 13:03:24 | ERROR    | src.storage.influx_writer | InfluxDB write failed: type object 'WritePrecision' has no attribute 'SECONDS'
2026-04-21 13:03:26 | ERROR    | src.storage.influx_writer | InfluxDB write failed: type object 'WritePrecision' has no attribute 'SECONDS'
2026-04-21 13:03:28 | ERROR    | src.storage.influx_writer | InfluxDB write failed: type object 'WritePrecision' has no attribute 'SECONDS'
2026-04-21 13:03:30 | ERROR    | src.storage.influx_writer | InfluxDB write failed: type object 'WritePrecision' has no attribute 'SECONDS'
2026-04-21 13:03:32 | ERROR    | src.storage.influx_writer | InfluxDB write failed: type object 'WritePrecision' has no attribute 'SECONDS'
2026-04-21 13:03:34 | ERROR    | src.storage.influx_writer | InfluxDB write failed: type object 'WritePrecision' has no attribute 'SECONDS'
2026-04-21 13:03:36 | ERROR    | src.storage.influx_writer | InfluxDB write failed: type object 'WritePrecision' has no attribute 'SECONDS'
2026-04-21 13:03:38 | ERROR    | src.storage.influx_writer | InfluxDB write failed: type object 'WritePrecision' has no attribute 'SECONDS'
2026-04-21 13:03:40 | ERROR    | src.storage.influx_writer | InfluxDB write failed: type object 'WritePrecision' has no attribute 'SECONDS'
2026-04-21 13:03:42 | ERROR    | src.storage.influx_writer | InfluxDB write failed: type object 'WritePrecision' has no attribute 'SECONDS'
2026-04-21 13:03:44 | ERROR    | src.storage.influx_writer | InfluxDB write failed: type object 'WritePrecision' has no attribute 'SECONDS'
2026-04-21 13:03:44 | INFO     | src.communication.mqtt_subscriber | Subscriber stopped by user
2026-04-21 13:03:45 | WARNING  | src.communication.mqtt_subscriber | Subscriber disconnected — rc=0
2026-04-21 13:03:45 | INFO     | src.communication.mqtt_subscriber | Subscriber disconnected. Total received: 85 failed: 0
2026-04-21 13:03:45 | INFO     | src.storage.influx_writer | InfluxDB connection closed. Written: 0 Failed: 84
2026-04-21 13:03:45 | INFO     | __main__ | === AirGuard Pipeline Stopped ===
2026-04-21 13:03:57 | INFO     | pipeline | Logging initialised — level=INFO  file=logs\airguard.log
2026-04-21 13:03:57 | INFO     | __main__ | === AirGuard Pipeline Starting ===
2026-04-21 13:03:57 | INFO     | src.storage.influx_writer | InfluxDB connected at http://localhost:8086
2026-04-21 13:03:57 | INFO     | src.communication.mqtt_subscriber | Subscriber connected and subscribed to: airguard/sensors/raw
2026-04-21 13:03:59 | INFO     | src.communication.mqtt_subscriber | MQTT Subscriber running — waiting for messages...
2026-04-21 13:04:18 | WARNING  | src.utils.aqi_calculator | Concentration 7776.22 exceeds breakpoint table max
2026-04-21 13:05:12 | WARNING  | src.utils.aqi_calculator | Concentration 9509.75 exceeds breakpoint table max
2026-04-21 13:07:02 | WARNING  | src.utils.aqi_calculator | Concentration 8483.25 exceeds breakpoint table max
2026-04-21 13:07:16 | INFO     | src.processing.data_processor | Processed: 100 | Rejected: 0 | AQI: 75.3 (Moderate)
2026-04-21 13:08:00 | WARNING  | src.utils.aqi_calculator | Concentration 8541.16 exceeds breakpoint table max
2026-04-21 13:08:20 | WARNING  | src.utils.aqi_calculator | Concentration 5131.38 exceeds breakpoint table max
